Flutter crash report.
Please report a bug at https://github.com/flutter/flutter/issues.

## command

flutter run --no-sound-null-safety

## exception

NoSuchMethodError: NoSuchMethodError: The getter 'assetPathsToEvict' was called on null.
Receiver: null
Tried calling: assetPathsToEvict

```
#0      Object.noSuchMethod (dart:core-patch/object_patch.dart:54:5)
#1      HotRunner._resetDirtyAssets (package:flutter_tools/src/run_hot.dart:436:20)
#2      HotRunner._restartFromSources (package:flutter_tools/src/run_hot.dart:499:5)
<asynchronous suspension>
#3      HotRunner._fullRestartHelper (package:flutter_tools/src/run_hot.dart:689:16)
<asynchronous suspension>
#4      HotRunner.restart (package:flutter_tools/src/run_hot.dart:637:38)
<asynchronous suspension>
#5      TerminalHandler._commonTerminalInputHandler (package:flutter_tools/src/resident_runner.dart:1602:40)
<asynchronous suspension>
#6      TerminalHandler.processTerminalInput (package:flutter_tools/src/resident_runner.dart:1644:7)
<asynchronous suspension>
```

## flutter doctor

```
[✓] Flutter (Channel stable, 2.2.3, on macOS 11.4 20F71 darwin-x64, locale ru-RU)
    • Flutter version 2.2.3 at /Users/ibragimchekaev/flutter
    • Framework revision f4abaa0735 (5 months ago), 2021-07-01 12:46:11 -0700
    • Engine revision 241c87ad80
    • Dart version 2.13.4

[✓] Android toolchain - develop for Android devices (Android SDK version 30.0.3)
    • Android SDK at /Users/ibragimchekaev/Library/Android/sdk
    • Platform android-30, build-tools 30.0.3
    • Java binary at: /Applications/Android Studio.app/Contents/jre/jdk/Contents/Home/bin/java
    • Java version OpenJDK Runtime Environment (build 1.8.0_242-release-1644-b3-6915495)
    • All Android licenses accepted.

[✓] Xcode - develop for iOS and macOS
    • Xcode at /Applications/Xcode.app/Contents/Developer
    • Xcode 12.5.1, Build version 12E507
    • CocoaPods version 1.10.1

[✓] Chrome - develop for the web
    • Chrome at /Applications/Google Chrome.app/Contents/MacOS/Google Chrome

[✓] Android Studio (version 4.1)
    • Android Studio at /Applications/Android Studio.app/Contents
    • Flutter plugin can be installed from:
      🔨 https://plugins.jetbrains.com/plugin/9212-flutter
    • Dart plugin can be installed from:
      🔨 https://plugins.jetbrains.com/plugin/6351-dart
    • Java version OpenJDK Runtime Environment (build 1.8.0_242-release-1644-b3-6915495)

[✓] Connected device (3 available)
    • ONEPLUS A5010 (mobile) • bd2c1cb1                             • android-arm64  • Android 10 (API 29)
    • iPhone 12 Pro (mobile) • 1490A5FE-9F91-43C9-A91F-EBA76D985E1E • ios            •
      com.apple.CoreSimulator.SimRuntime.iOS-14-5 (simulator)
    • Chrome (web)           • chrome                               • web-javascript • Google Chrome
      95.0.4638.69

• No issues found!
```
